app/build/intermediates/manifest_merge_blame_file/debug/manifest-merger-blame-debug-report.txt
1<?xml version="1.0" encoding="utf-8"?>
2<manifest xmlns:android="http://schemas.android.com/apk/res/android"
3    package="course.labs.activitylab" >
4
5    <uses-sdk
6        android:minSdkVersion="16"
7        android:targetSdkVersion="31" />
8
9    <application
9-->src\main\AndroidManifest.xml:4:5-23:19
10        android:allowBackup="true"
10-->src\main\AndroidManifest.xml:5:9-35
11        android:debuggable="true"
12        android:extractNativeLibs="true"
13        android:icon="@drawable/ic_launcher"
13-->src\main\AndroidManifest.xml:6:9-45
14        android:label="@string/app_name"
14-->src\main\AndroidManifest.xml:7:9-41
15        android:testOnly="true"
16        android:theme="@style/AppTheme" >
16-->src\main\AndroidManifest.xml:8:9-40
17        <activity
17-->src\main\AndroidManifest.xml:9:9-18:20
18            android:name="course.labs.activitylab.ActivityOne"
18-->src\main\AndroidManifest.xml:10:13-40
19            android:exported="true"
19-->src\main\AndroidManifest.xml:12:13-36
20            android:label="@string/app_name" >
20-->src\main\AndroidManifest.xml:11:13-45
21            <intent-filter>
21-->src\main\AndroidManifest.xml:13:13-17:29
22                <action android:name="android.intent.action.MAIN" />
22-->src\main\AndroidManifest.xml:14:17-69
22-->src\main\AndroidManifest.xml:14:25-66
23
24                <category android:name="android.intent.category.LAUNCHER" />
24-->src\main\AndroidManifest.xml:16:17-77
24-->src\main\AndroidManifest.xml:16:27-74
25            </intent-filter>
26        </activity>
27        <activity
27-->src\main\AndroidManifest.xml:19:9-22:20
28            android:name="course.labs.activitylab.ActivityTwo"
28-->src\main\AndroidManifest.xml:20:13-40
29            android:label="@string/title_activity_activity_two" >
29-->src\main\AndroidManifest.xml:21:13-64
30        </activity>
31    </application>
32
33</manifest>